2017-08-22 14:40:33,568 [WARN] from play.api.libs.ws.ahc.AhcLoggerFactory$$anon$1 in play-dev-mode-akka.actor.default-dispatcher-2 - validateStore: Skipping certificate with weak key size in thawtepremiumserverca: Certificate failed: cert = "1.2.840.113549.1.9.1=#16197072656d69756d2d736572766572407468617774652e636f6d,CN=Thawte Premium Server CA,OU=Certification Services Division,O=Thawte Consulting cc,L=Cape Town,ST=Western Cape,C=ZA" failed on constraint RSA keySize < 2048, algorithm = RSA, keySize = 1024
2017-08-22 14:40:33,569 [WARN] from play.api.libs.ws.ahc.AhcLoggerFactory$$anon$1 in play-dev-mode-akka.actor.default-dispatcher-2 - validateStore: Skipping certificate with weak key size in thawteserverca: Certificate failed: cert = "1.2.840.113549.1.9.1=#16177365727665722d6365727473407468617774652e636f6d,CN=Thawte Server CA,OU=Certification Services Division,O=Thawte Consulting cc,L=Cape Town,ST=Western Cape,C=ZA" failed on constraint RSA keySize < 2048, algorithm = RSA, keySize = 1024
2017-08-22 14:40:33,569 [WARN] from play.api.libs.ws.ahc.AhcLoggerFactory$$anon$1 in play-dev-mode-akka.actor.default-dispatcher-2 - validateStore: Skipping certificate with weak key size in equifaxsecureebusinessca1: Certificate failed: cert = "CN=Equifax Secure eBusiness CA-1,O=Equifax Secure Inc.,C=US" failed on constraint RSA keySize < 2048, algorithm = RSA, keySize = 1024
2017-08-22 14:40:33,569 [WARN] from play.api.libs.ws.ahc.AhcLoggerFactory$$anon$1 in play-dev-mode-akka.actor.default-dispatcher-2 - validateStore: Skipping certificate with weak key size in thawtepersonalfreemailca: Certificate failed: cert = "1.2.840.113549.1.9.1=#161c706572736f6e616c2d667265656d61696c407468617774652e636f6d,CN=Thawte Personal Freemail CA,OU=Certification Services Division,O=Thawte Consulting,L=Cape Town,ST=Western Cape,C=ZA" failed on constraint RSA keySize < 2048, algorithm = RSA, keySize = 1024
2017-08-22 14:40:33,570 [WARN] from play.api.libs.ws.ahc.AhcLoggerFactory$$anon$1 in play-dev-mode-akka.actor.default-dispatcher-2 - validateStore: Skipping certificate with weak key size in equifaxsecureca: Certificate failed: cert = "OU=Equifax Secure Certificate Authority,O=Equifax,C=US" failed on constraint RSA keySize < 2048, algorithm = RSA, keySize = 1024
2017-08-22 14:40:33,570 [WARN] from play.api.libs.ws.ahc.AhcLoggerFactory$$anon$1 in play-dev-mode-akka.actor.default-dispatcher-2 - validateStore: Skipping certificate with weak key size in secomvalicertclass1ca: Certificate failed: cert = "1.2.840.113549.1.9.1=#1611696e666f4076616c69636572742e636f6d,CN=http://www.valicert.com/,OU=ValiCert Class 1 Policy Validation Authority,O=ValiCert\, Inc.,L=ValiCert Validation Network" failed on constraint RSA keySize < 2048, algorithm = RSA, keySize = 1024
2017-08-22 14:40:33,571 [WARN] from play.api.libs.ws.ahc.AhcLoggerFactory$$anon$1 in play-dev-mode-akka.actor.default-dispatcher-2 - validateStore: Skipping certificate with weak key size in equifaxsecureglobalebusinessca1: Certificate failed: cert = "CN=Equifax Secure Global eBusiness CA-1,O=Equifax Secure Inc.,C=US" failed on constraint RSA keySize < 2048, algorithm = RSA, keySize = 1024
2017-08-22 14:40:33,571 [WARN] from play.api.libs.ws.ahc.AhcLoggerFactory$$anon$1 in play-dev-mode-akka.actor.default-dispatcher-2 - validateStore: Skipping certificate with weak key size in verisignclass3ca: Certificate failed: cert = "OU=Class 3 Public Primary Certification Authority,O=VeriSign\, Inc.,C=US" failed on constraint RSA keySize < 2048, algorithm = RSA, keySize = 1024
2017-08-22 14:40:33,572 [WARN] from play.api.libs.ws.ahc.AhcLoggerFactory$$anon$1 in play-dev-mode-akka.actor.default-dispatcher-2 - validateStore: Skipping certificate with weak key size in verisignclass1ca: Certificate failed: cert = "OU=Class 1 Public Primary Certification Authority,O=VeriSign\, Inc.,C=US" failed on constraint RSA keySize < 2048, algorithm = RSA, keySize = 1024
2017-08-22 14:40:33,572 [WARN] from play.api.libs.ws.ahc.AhcLoggerFactory$$anon$1 in play-dev-mode-akka.actor.default-dispatcher-2 - validateStore: Skipping certificate with weak key size in verisignclass3g2ca: Certificate failed: cert = "OU=VeriSign Trust Network,OU=(c) 1998 VeriSign\, Inc. - For authorized use only,OU=Class 3 Public Primary Certification Authority - G2,O=VeriSign\, Inc.,C=US" failed on constraint RSA keySize < 2048, algorithm = RSA, keySize = 1024
2017-08-22 14:40:33,573 [WARN] from play.api.libs.ws.ahc.AhcLoggerFactory$$anon$1 in play-dev-mode-akka.actor.default-dispatcher-2 - validateStore: Skipping certificate with weak key size in gtecybertrustglobalca: Certificate failed: cert = "CN=GTE CyberTrust Global Root,OU=GTE CyberTrust Solutions\, Inc.,O=GTE Corporation,C=US" failed on constraint RSA keySize < 2048, algorithm = RSA, keySize = 1024
2017-08-22 14:40:33,574 [WARN] from play.api.libs.ws.ahc.AhcLoggerFactory$$anon$1 in play-dev-mode-akka.actor.default-dispatcher-2 - validateStore: Skipping certificate with weak key size in verisigntsaca: Certificate failed: cert = "CN=Thawte Timestamping CA,OU=Thawte Certification,O=Thawte,L=Durbanville,ST=Western Cape,C=ZA" failed on constraint RSA keySize < 2048, algorithm = RSA, keySize = 1024
2017-08-22 14:40:33,574 [WARN] from play.api.libs.ws.ahc.AhcLoggerFactory$$anon$1 in play-dev-mode-akka.actor.default-dispatcher-2 - validateStore: Skipping certificate with weak key size in valicertclass2ca: Certificate failed: cert = "1.2.840.113549.1.9.1=#1611696e666f4076616c69636572742e636f6d,CN=http://www.valicert.com/,OU=ValiCert Class 2 Policy Validation Authority,O=ValiCert\, Inc.,L=ValiCert Validation Network" failed on constraint RSA keySize < 2048, algorithm = RSA, keySize = 1024
2017-08-22 14:40:33,574 [WARN] from play.api.libs.ws.ahc.AhcLoggerFactory$$anon$1 in play-dev-mode-akka.actor.default-dispatcher-2 - validateStore: Skipping certificate with weak key size in verisignclass2g2ca: Certificate failed: cert = "OU=VeriSign Trust Network,OU=(c) 1998 VeriSign\, Inc. - For authorized use only,OU=Class 2 Public Primary Certification Authority - G2,O=VeriSign\, Inc.,C=US" failed on constraint RSA keySize < 2048, algorithm = RSA, keySize = 1024
2017-08-22 14:40:33,575 [WARN] from play.api.libs.ws.ahc.AhcLoggerFactory$$anon$1 in play-dev-mode-akka.actor.default-dispatcher-2 - validateStore: Skipping certificate with weak key size in entrustsslca: Certificate failed: cert = "CN=Entrust.net Secure Server Certification Authority,OU=(c) 1999 Entrust.net Limited,OU=www.entrust.net/CPS incorp. by ref. (limits liab.),O=Entrust.net,C=US" failed on constraint RSA keySize < 2048, algorithm = RSA, keySize = 1024
2017-08-22 14:40:33,575 [WARN] from play.api.libs.ws.ahc.AhcLoggerFactory$$anon$1 in play-dev-mode-akka.actor.default-dispatcher-2 - validateStore: Skipping certificate with weak key size in verisignclass1g2ca: Certificate failed: cert = "OU=VeriSign Trust Network,OU=(c) 1998 VeriSign\, Inc. - For authorized use only,OU=Class 1 Public Primary Certification Authority - G2,O=VeriSign\, Inc.,C=US" failed on constraint RSA keySize < 2048, algorithm = RSA, keySize = 1024
2017-08-22 14:40:33,741 [INFO] from play.api.http.EnabledFilters in play-dev-mode-akka.actor.default-dispatcher-2 - Enabled Filters (see <https://www.playframework.com/documentation/latest/Filters>):

    play.filters.csrf.CSRFFilter
    play.filters.headers.SecurityHeadersFilter
    play.filters.hosts.AllowedHostsFilter

2017-08-22 14:40:33,784 [INFO] from play.api.Play in play-dev-mode-akka.actor.default-dispatcher-2 - Application started (Dev)
2017-08-22 14:41:24,384 [ERROR] from application in application-akka.actor.default-dispatcher-4 - Can't post to http://localhost:9000/challenge/c3/handler
java.io.UnsupportedEncodingException: utf
	at java.lang.StringCoding.encode(StringCoding.java:341)
	at java.lang.String.getBytes(String.java:906)
	at controllers.HomeController.solve(HomeController.java:43)
	at router.Routes$$anonfun$routes$1$$anonfun$applyOrElse$2$$anonfun$apply$2.apply(Routes.scala:119)
	at router.Routes$$anonfun$routes$1$$anonfun$applyOrElse$2$$anonfun$apply$2.apply(Routes.scala:119)
	at play.core.routing.HandlerInvokerFactory$$anon$3.resultCall(HandlerInvoker.scala:136)
	at play.core.routing.HandlerInvokerFactory$$anon$3.resultCall(HandlerInvoker.scala:135)
	at play.core.routing.HandlerInvokerFactory$JavaActionInvokerFactory$$anon$8$$anon$2$$anon$1.invocation(HandlerInvoker.scala:110)
	at play.core.j.JavaAction$$anon$1.call(JavaAction.scala:78)
	at play.http.DefaultActionCreator$1.call(DefaultActionCreator.java:31)
	at play.core.j.JavaAction$$anonfun$7.apply(JavaAction.scala:113)
	at play.core.j.JavaAction$$anonfun$7.apply(JavaAction.scala:113)
	at scala.concurrent.impl.Future$PromiseCompletingRunnable.liftedTree1$1(Future.scala:24)
	at scala.concurrent.impl.Future$PromiseCompletingRunnable.run(Future.scala:24)
	at play.core.j.HttpExecutionContext$$anon$2.run(HttpExecutionContext.scala:56)
	at play.api.libs.streams.Execution$trampoline$.execute(Execution.scala:70)
	at play.core.j.HttpExecutionContext.execute(HttpExecutionContext.scala:48)
	at scala.concurrent.impl.Future$.apply(Future.scala:31)
	at scala.concurrent.Future$.apply(Future.scala:494)
	at play.core.j.JavaAction.apply(JavaAction.scala:113)
	at play.api.mvc.Action$$anonfun$apply$2.apply(Action.scala:96)
	at play.api.mvc.Action$$anonfun$apply$2.apply(Action.scala:89)
	at scala.concurrent.Future$$anonfun$flatMap$1.apply(Future.scala:253)
	at scala.concurrent.Future$$anonfun$flatMap$1.apply(Future.scala:251)
	at scala.concurrent.impl.CallbackRunnable.run(Promise.scala:36)
	at akka.dispatch.BatchingExecutor$AbstractBatch.processBatch(BatchingExecutor.scala:55)
	at akka.dispatch.BatchingExecutor$BlockableBatch$$anonfun$run$1.apply$mcV$sp(BatchingExecutor.scala:91)
	at akka.dispatch.BatchingExecutor$BlockableBatch$$anonfun$run$1.apply(BatchingExecutor.scala:91)
	at akka.dispatch.BatchingExecutor$BlockableBatch$$anonfun$run$1.apply(BatchingExecutor.scala:91)
	at scala.concurrent.BlockContext$.withBlockContext(BlockContext.scala:72)
	at akka.dispatch.BatchingExecutor$BlockableBatch.run(BatchingExecutor.scala:90)
	at akka.dispatch.TaskInvocation.run(AbstractDispatcher.scala:40)
	at akka.dispatch.ForkJoinExecutorConfigurator$AkkaForkJoinTask.exec(ForkJoinExecutorConfigurator.scala:43)
	at akka.dispatch.forkjoin.ForkJoinTask.doExec(ForkJoinTask.java:260)
	at akka.dispatch.forkjoin.ForkJoinPool$WorkQueue.runTask(ForkJoinPool.java:1339)
	at akka.dispatch.forkjoin.ForkJoinPool.runWorker(ForkJoinPool.java:1979)
	at akka.dispatch.forkjoin.ForkJoinWorkerThread.run(ForkJoinWorkerThread.java:107)
2017-08-22 14:41:41,082 [WARN] from play.api.libs.ws.ahc.AhcLoggerFactory$$anon$1 in play-dev-mode-akka.actor.default-dispatcher-3 - validateStore: Skipping certificate with weak key size in thawtepremiumserverca: Certificate failed: cert = "1.2.840.113549.1.9.1=#16197072656d69756d2d736572766572407468617774652e636f6d,CN=Thawte Premium Server CA,OU=Certification Services Division,O=Thawte Consulting cc,L=Cape Town,ST=Western Cape,C=ZA" failed on constraint RSA keySize < 2048, algorithm = RSA, keySize = 1024
2017-08-22 14:41:41,082 [WARN] from play.api.libs.ws.ahc.AhcLoggerFactory$$anon$1 in play-dev-mode-akka.actor.default-dispatcher-3 - validateStore: Skipping certificate with weak key size in thawteserverca: Certificate failed: cert = "1.2.840.113549.1.9.1=#16177365727665722d6365727473407468617774652e636f6d,CN=Thawte Server CA,OU=Certification Services Division,O=Thawte Consulting cc,L=Cape Town,ST=Western Cape,C=ZA" failed on constraint RSA keySize < 2048, algorithm = RSA, keySize = 1024
2017-08-22 14:41:41,082 [WARN] from play.api.libs.ws.ahc.AhcLoggerFactory$$anon$1 in play-dev-mode-akka.actor.default-dispatcher-3 - validateStore: Skipping certificate with weak key size in equifaxsecureebusinessca1: Certificate failed: cert = "CN=Equifax Secure eBusiness CA-1,O=Equifax Secure Inc.,C=US" failed on constraint RSA keySize < 2048, algorithm = RSA, keySize = 1024
2017-08-22 14:41:41,082 [WARN] from play.api.libs.ws.ahc.AhcLoggerFactory$$anon$1 in play-dev-mode-akka.actor.default-dispatcher-3 - validateStore: Skipping certificate with weak key size in thawtepersonalfreemailca: Certificate failed: cert = "1.2.840.113549.1.9.1=#161c706572736f6e616c2d667265656d61696c407468617774652e636f6d,CN=Thawte Personal Freemail CA,OU=Certification Services Division,O=Thawte Consulting,L=Cape Town,ST=Western Cape,C=ZA" failed on constraint RSA keySize < 2048, algorithm = RSA, keySize = 1024
2017-08-22 14:41:41,083 [WARN] from play.api.libs.ws.ahc.AhcLoggerFactory$$anon$1 in play-dev-mode-akka.actor.default-dispatcher-3 - validateStore: Skipping certificate with weak key size in equifaxsecureca: Certificate failed: cert = "OU=Equifax Secure Certificate Authority,O=Equifax,C=US" failed on constraint RSA keySize < 2048, algorithm = RSA, keySize = 1024
2017-08-22 14:41:41,083 [WARN] from play.api.libs.ws.ahc.AhcLoggerFactory$$anon$1 in play-dev-mode-akka.actor.default-dispatcher-3 - validateStore: Skipping certificate with weak key size in secomvalicertclass1ca: Certificate failed: cert = "1.2.840.113549.1.9.1=#1611696e666f4076616c69636572742e636f6d,CN=http://www.valicert.com/,OU=ValiCert Class 1 Policy Validation Authority,O=ValiCert\, Inc.,L=ValiCert Validation Network" failed on constraint RSA keySize < 2048, algorithm = RSA, keySize = 1024
2017-08-22 14:41:41,084 [WARN] from play.api.libs.ws.ahc.AhcLoggerFactory$$anon$1 in play-dev-mode-akka.actor.default-dispatcher-3 - validateStore: Skipping certificate with weak key size in equifaxsecureglobalebusinessca1: Certificate failed: cert = "CN=Equifax Secure Global eBusiness CA-1,O=Equifax Secure Inc.,C=US" failed on constraint RSA keySize < 2048, algorithm = RSA, keySize = 1024
2017-08-22 14:41:41,084 [WARN] from play.api.libs.ws.ahc.AhcLoggerFactory$$anon$1 in play-dev-mode-akka.actor.default-dispatcher-3 - validateStore: Skipping certificate with weak key size in verisignclass3ca: Certificate failed: cert = "OU=Class 3 Public Primary Certification Authority,O=VeriSign\, Inc.,C=US" failed on constraint RSA keySize < 2048, algorithm = RSA, keySize = 1024
2017-08-22 14:41:41,084 [WARN] from play.api.libs.ws.ahc.AhcLoggerFactory$$anon$1 in play-dev-mode-akka.actor.default-dispatcher-3 - validateStore: Skipping certificate with weak key size in verisignclass1ca: Certificate failed: cert = "OU=Class 1 Public Primary Certification Authority,O=VeriSign\, Inc.,C=US" failed on constraint RSA keySize < 2048, algorithm = RSA, keySize = 1024
2017-08-22 14:41:41,085 [WARN] from play.api.libs.ws.ahc.AhcLoggerFactory$$anon$1 in play-dev-mode-akka.actor.default-dispatcher-3 - validateStore: Skipping certificate with weak key size in verisignclass3g2ca: Certificate failed: cert = "OU=VeriSign Trust Network,OU=(c) 1998 VeriSign\, Inc. - For authorized use only,OU=Class 3 Public Primary Certification Authority - G2,O=VeriSign\, Inc.,C=US" failed on constraint RSA keySize < 2048, algorithm = RSA, keySize = 1024
2017-08-22 14:41:41,086 [WARN] from play.api.libs.ws.ahc.AhcLoggerFactory$$anon$1 in play-dev-mode-akka.actor.default-dispatcher-3 - validateStore: Skipping certificate with weak key size in gtecybertrustglobalca: Certificate failed: cert = "CN=GTE CyberTrust Global Root,OU=GTE CyberTrust Solutions\, Inc.,O=GTE Corporation,C=US" failed on constraint RSA keySize < 2048, algorithm = RSA, keySize = 1024
2017-08-22 14:41:41,087 [WARN] from play.api.libs.ws.ahc.AhcLoggerFactory$$anon$1 in play-dev-mode-akka.actor.default-dispatcher-3 - validateStore: Skipping certificate with weak key size in verisigntsaca: Certificate failed: cert = "CN=Thawte Timestamping CA,OU=Thawte Certification,O=Thawte,L=Durbanville,ST=Western Cape,C=ZA" failed on constraint RSA keySize < 2048, algorithm = RSA, keySize = 1024
2017-08-22 14:41:41,087 [WARN] from play.api.libs.ws.ahc.AhcLoggerFactory$$anon$1 in play-dev-mode-akka.actor.default-dispatcher-3 - validateStore: Skipping certificate with weak key size in valicertclass2ca: Certificate failed: cert = "1.2.840.113549.1.9.1=#1611696e666f4076616c69636572742e636f6d,CN=http://www.valicert.com/,OU=ValiCert Class 2 Policy Validation Authority,O=ValiCert\, Inc.,L=ValiCert Validation Network" failed on constraint RSA keySize < 2048, algorithm = RSA, keySize = 1024
2017-08-22 14:41:41,088 [WARN] from play.api.libs.ws.ahc.AhcLoggerFactory$$anon$1 in play-dev-mode-akka.actor.default-dispatcher-3 - validateStore: Skipping certificate with weak key size in verisignclass2g2ca: Certificate failed: cert = "OU=VeriSign Trust Network,OU=(c) 1998 VeriSign\, Inc. - For authorized use only,OU=Class 2 Public Primary Certification Authority - G2,O=VeriSign\, Inc.,C=US" failed on constraint RSA keySize < 2048, algorithm = RSA, keySize = 1024
2017-08-22 14:41:41,088 [WARN] from play.api.libs.ws.ahc.AhcLoggerFactory$$anon$1 in play-dev-mode-akka.actor.default-dispatcher-3 - validateStore: Skipping certificate with weak key size in entrustsslca: Certificate failed: cert = "CN=Entrust.net Secure Server Certification Authority,OU=(c) 1999 Entrust.net Limited,OU=www.entrust.net/CPS incorp. by ref. (limits liab.),O=Entrust.net,C=US" failed on constraint RSA keySize < 2048, algorithm = RSA, keySize = 1024
2017-08-22 14:41:41,089 [WARN] from play.api.libs.ws.ahc.AhcLoggerFactory$$anon$1 in play-dev-mode-akka.actor.default-dispatcher-3 - validateStore: Skipping certificate with weak key size in verisignclass1g2ca: Certificate failed: cert = "OU=VeriSign Trust Network,OU=(c) 1998 VeriSign\, Inc. - For authorized use only,OU=Class 1 Public Primary Certification Authority - G2,O=VeriSign\, Inc.,C=US" failed on constraint RSA keySize < 2048, algorithm = RSA, keySize = 1024
2017-08-22 14:41:41,099 [INFO] from play.api.http.EnabledFilters in play-dev-mode-akka.actor.default-dispatcher-3 - Enabled Filters (see <https://www.playframework.com/documentation/latest/Filters>):

    play.filters.csrf.CSRFFilter
    play.filters.headers.SecurityHeadersFilter
    play.filters.hosts.AllowedHostsFilter

2017-08-22 14:41:41,107 [INFO] from play.api.Play in play-dev-mode-akka.actor.default-dispatcher-3 - Application started (Dev)
2017-08-22 14:52:44,873 [INFO] from play.core.server.AkkaHttpServer in pool-4-thread-1 - Stopping server...
